2019-03-25 23:43:04.0898|DEBUG|ProseProgramGeneration|SplitColumnByExample|Start InitializeInternal|{"BlockId":"2af820b4-8c5b-4647-9b17-03c8229b33f1"}|14f7cd62-4f57-11e9-afda-00155da93882
2019-03-25 23:43:04.1013|DEBUG|ProseProgramGeneration|SplitColumnByExample|Start LearnProgram|{"BlockId":"2af820b4-8c5b-4647-9b17-03c8229b33f1"}|14f7cd62-4f57-11e9-afda-00155da93882
2019-03-25 23:43:04.1080|DEBUG|ProseProgramGeneration|SplitColumnByExample|Start InitSession|{"BlockId":"2af820b4-8c5b-4647-9b17-03c8229b33f1"}|14f7cd62-4f57-11e9-afda-00155da93882
2019-03-25 23:43:06.1498|DEBUG|ProseProgramGeneration|SplitColumnByExample|End InitSession|{"BlockId":"2af820b4-8c5b-4647-9b17-03c8229b33f1"}|14f7cd62-4f57-11e9-afda-00155da93882
2019-03-25 23:43:07.1853|DEBUG|ProseProgramGeneration|SplitColumnByExample|End LearnProgram|{"BlockId":"2af820b4-8c5b-4647-9b17-03c8229b33f1"}|14f7cd62-4f57-11e9-afda-00155da93882
2019-03-25 23:43:07.1999|DEBUG|ProseProgramGeneration|SplitColumnByExample|End InitializeInternal|{"BlockId":"2af820b4-8c5b-4647-9b17-03c8229b33f1"}|14f7cd62-4f57-11e9-afda-00155da93882
2019-03-25 23:43:07.2222|DEBUG|ProseProgramGeneration|SplitColumnByExample|Start InitializeInternal|{"BlockId":"b2728c0b-b1a1-43a2-8750-dbad0f08c2a6"}|14f7cd62-4f57-11e9-afda-00155da93882
2019-03-25 23:43:07.2876|DEBUG|ProseProgramGeneration|SplitColumnByExample|End InitializeInternal|{"BlockId":"b2728c0b-b1a1-43a2-8750-dbad0f08c2a6"}|14f7cd62-4f57-11e9-afda-00155da93882
2019-03-25 23:43:07.2876|DEBUG|ProseProgramGeneration|SplitColumnByExample|Start InitializeInternal|{"BlockId":"b2e17710-1365-4ff7-80c6-b55784e243ac"}|14f7cd62-4f57-11e9-afda-00155da93882
2019-03-25 23:43:07.2876|DEBUG|ProseProgramGeneration|SplitColumnByExample|Start LearnProgram|{"BlockId":"b2e17710-1365-4ff7-80c6-b55784e243ac"}|14f7cd62-4f57-11e9-afda-00155da93882
2019-03-25 23:43:07.2876|DEBUG|ProseProgramGeneration|SplitColumnByExample|Start InitSession|{"BlockId":"b2e17710-1365-4ff7-80c6-b55784e243ac"}|14f7cd62-4f57-11e9-afda-00155da93882
2019-03-25 23:43:10.5624|DEBUG|ProseProgramGeneration|SplitColumnByExample|End InitSession|{"BlockId":"b2e17710-1365-4ff7-80c6-b55784e243ac"}|14f7cd62-4f57-11e9-afda-00155da93882
2019-03-25 23:43:10.9348|DEBUG|ProseProgramGeneration|SplitColumnByExample|End LearnProgram|{"BlockId":"b2e17710-1365-4ff7-80c6-b55784e243ac"}|14f7cd62-4f57-11e9-afda-00155da93882
2019-03-25 23:43:10.9348|DEBUG|ProseProgramGeneration|SplitColumnByExample|End InitializeInternal|{"BlockId":"b2e17710-1365-4ff7-80c6-b55784e243ac"}|14f7cd62-4f57-11e9-afda-00155da93882
2019-03-25 23:43:10.9536|DEBUG|ProseProgramGeneration|SplitColumnByExample|Start InitializeInternal|{"BlockId":"b2728c0b-b1a1-43a2-8750-dbad0f08c2a6"}|14f7cd62-4f57-11e9-afda-00155da93882
2019-03-25 23:43:10.9536|DEBUG|ProseProgramGeneration|SplitColumnByExample|End InitializeInternal|{"BlockId":"b2728c0b-b1a1-43a2-8750-dbad0f08c2a6"}|14f7cd62-4f57-11e9-afda-00155da93882
2019-03-25 23:43:10.9536|DEBUG|ProseProgramGeneration|SplitColumnByExample|Start InitializeInternal|{"BlockId":"1e622cab-819c-4401-936c-86df29bcbc3d"}|14f7cd62-4f57-11e9-afda-00155da93882
2019-03-25 23:43:10.9536|DEBUG|ProseProgramGeneration|SplitColumnByExample|End InitializeInternal|{"BlockId":"1e622cab-819c-4401-936c-86df29bcbc3d"}|14f7cd62-4f57-11e9-afda-00155da93882
2019-03-25 23:43:10.9921|DEBUG|ProseProgramGeneration|SplitColumnByExample|Start InitializeInternal|{"BlockId":"b2728c0b-b1a1-43a2-8750-dbad0f08c2a6"}|14f7cd62-4f57-11e9-afda-00155da93882
2019-03-25 23:43:10.9921|DEBUG|ProseProgramGeneration|SplitColumnByExample|End InitializeInternal|{"BlockId":"b2728c0b-b1a1-43a2-8750-dbad0f08c2a6"}|14f7cd62-4f57-11e9-afda-00155da93882
2019-03-25 23:43:10.9921|DEBUG|ProseProgramGeneration|SplitColumnByExample|Start InitializeInternal|{"BlockId":"1e622cab-819c-4401-936c-86df29bcbc3d"}|14f7cd62-4f57-11e9-afda-00155da93882
2019-03-25 23:43:10.9921|DEBUG|ProseProgramGeneration|SplitColumnByExample|End InitializeInternal|{"BlockId":"1e622cab-819c-4401-936c-86df29bcbc3d"}|14f7cd62-4f57-11e9-afda-00155da93882
2019-03-25 23:43:12.5234|DEBUG|ProseProgramGeneration|SplitColumnByExample|Start InitializeInternal|{"BlockId":"b2728c0b-b1a1-43a2-8750-dbad0f08c2a6"}|14f7cd62-4f57-11e9-afda-00155da93882
2019-03-25 23:43:12.5234|DEBUG|ProseProgramGeneration|SplitColumnByExample|End InitializeInternal|{"BlockId":"b2728c0b-b1a1-43a2-8750-dbad0f08c2a6"}|14f7cd62-4f57-11e9-afda-00155da93882
2019-03-25 23:43:12.5234|DEBUG|ProseProgramGeneration|SplitColumnByExample|Start InitializeInternal|{"BlockId":"1e622cab-819c-4401-936c-86df29bcbc3d"}|14f7cd62-4f57-11e9-afda-00155da93882
2019-03-25 23:43:12.5234|DEBUG|ProseProgramGeneration|SplitColumnByExample|End InitializeInternal|{"BlockId":"1e622cab-819c-4401-936c-86df29bcbc3d"}|14f7cd62-4f57-11e9-afda-00155da93882
2019-03-25 23:43:13.2529|DEBUG|ProseProgramGeneration|SplitColumnByExample|Start InitializeInternal|{"BlockId":"b2728c0b-b1a1-43a2-8750-dbad0f08c2a6"}|14f7cd62-4f57-11e9-afda-00155da93882
2019-03-25 23:43:13.2529|DEBUG|ProseProgramGeneration|SplitColumnByExample|End InitializeInternal|{"BlockId":"b2728c0b-b1a1-43a2-8750-dbad0f08c2a6"}|14f7cd62-4f57-11e9-afda-00155da93882
2019-03-25 23:43:13.2529|DEBUG|ProseProgramGeneration|SplitColumnByExample|Start InitializeInternal|{"BlockId":"1e622cab-819c-4401-936c-86df29bcbc3d"}|14f7cd62-4f57-11e9-afda-00155da93882
2019-03-25 23:43:13.2529|DEBUG|ProseProgramGeneration|SplitColumnByExample|End InitializeInternal|{"BlockId":"1e622cab-819c-4401-936c-86df29bcbc3d"}|14f7cd62-4f57-11e9-afda-00155da93882
2019-03-25 23:43:16.1237|DEBUG|ProseProgramGeneration|SplitColumnByExample|Start InitializeInternal|{"BlockId":"b2728c0b-b1a1-43a2-8750-dbad0f08c2a6"}|14f7cd62-4f57-11e9-afda-00155da93882
2019-03-25 23:43:16.1237|DEBUG|ProseProgramGeneration|SplitColumnByExample|End InitializeInternal|{"BlockId":"b2728c0b-b1a1-43a2-8750-dbad0f08c2a6"}|14f7cd62-4f57-11e9-afda-00155da93882
2019-03-25 23:43:16.1237|DEBUG|ProseProgramGeneration|SplitColumnByExample|Start InitializeInternal|{"BlockId":"1e622cab-819c-4401-936c-86df29bcbc3d"}|14f7cd62-4f57-11e9-afda-00155da93882
2019-03-25 23:43:16.1237|DEBUG|ProseProgramGeneration|SplitColumnByExample|End InitializeInternal|{"BlockId":"1e622cab-819c-4401-936c-86df29bcbc3d"}|14f7cd62-4f57-11e9-afda-00155da93882
2019-03-25 23:43:16.1722|DEBUG|ProseProgramGeneration|SplitColumnByExample|Start InitializeInternal|{"BlockId":"b2728c0b-b1a1-43a2-8750-dbad0f08c2a6"}|14f7cd62-4f57-11e9-afda-00155da93882
2019-03-25 23:43:16.1722|DEBUG|ProseProgramGeneration|SplitColumnByExample|End InitializeInternal|{"BlockId":"b2728c0b-b1a1-43a2-8750-dbad0f08c2a6"}|14f7cd62-4f57-11e9-afda-00155da93882
2019-03-25 23:43:16.1722|DEBUG|ProseProgramGeneration|SplitColumnByExample|Start InitializeInternal|{"BlockId":"1e622cab-819c-4401-936c-86df29bcbc3d"}|14f7cd62-4f57-11e9-afda-00155da93882
2019-03-25 23:43:16.1722|DEBUG|ProseProgramGeneration|SplitColumnByExample|End InitializeInternal|{"BlockId":"1e622cab-819c-4401-936c-86df29bcbc3d"}|14f7cd62-4f57-11e9-afda-00155da93882
2019-03-25 23:43:52.6041|DEBUG|ProseProgramGeneration|SplitColumnByExample|Start InitializeInternal|{"BlockId":"b2728c0b-b1a1-43a2-8750-dbad0f08c2a6"}|14f7cd62-4f57-11e9-afda-00155da93882
2019-03-25 23:43:52.6041|DEBUG|ProseProgramGeneration|SplitColumnByExample|End InitializeInternal|{"BlockId":"b2728c0b-b1a1-43a2-8750-dbad0f08c2a6"}|14f7cd62-4f57-11e9-afda-00155da93882
2019-03-25 23:43:52.6041|DEBUG|ProseProgramGeneration|SplitColumnByExample|Start InitializeInternal|{"BlockId":"1e622cab-819c-4401-936c-86df29bcbc3d"}|14f7cd62-4f57-11e9-afda-00155da93882
2019-03-25 23:43:52.6041|DEBUG|ProseProgramGeneration|SplitColumnByExample|End InitializeInternal|{"BlockId":"1e622cab-819c-4401-936c-86df29bcbc3d"}|14f7cd62-4f57-11e9-afda-00155da93882
2019-03-25 23:43:55.4029|DEBUG|ProseProgramGeneration|SplitColumnByExample|Start InitializeInternal|{"BlockId":"b2728c0b-b1a1-43a2-8750-dbad0f08c2a6"}|14f7cd62-4f57-11e9-afda-00155da93882
2019-03-25 23:43:55.4029|DEBUG|ProseProgramGeneration|SplitColumnByExample|End InitializeInternal|{"BlockId":"b2728c0b-b1a1-43a2-8750-dbad0f08c2a6"}|14f7cd62-4f57-11e9-afda-00155da93882
2019-03-25 23:43:55.4029|DEBUG|ProseProgramGeneration|SplitColumnByExample|Start InitializeInternal|{"BlockId":"1e622cab-819c-4401-936c-86df29bcbc3d"}|14f7cd62-4f57-11e9-afda-00155da93882
2019-03-25 23:43:55.4029|DEBUG|ProseProgramGeneration|SplitColumnByExample|End InitializeInternal|{"BlockId":"1e622cab-819c-4401-936c-86df29bcbc3d"}|14f7cd62-4f57-11e9-afda-00155da93882
2019-03-25 23:43:55.8097|DEBUG|ProseProgramGeneration|SplitColumnByExample|Start InitializeInternal|{"BlockId":"b2728c0b-b1a1-43a2-8750-dbad0f08c2a6"}|14f7cd62-4f57-11e9-afda-00155da93882
2019-03-25 23:43:55.8097|DEBUG|ProseProgramGeneration|SplitColumnByExample|End InitializeInternal|{"BlockId":"b2728c0b-b1a1-43a2-8750-dbad0f08c2a6"}|14f7cd62-4f57-11e9-afda-00155da93882
2019-03-25 23:43:55.8097|DEBUG|ProseProgramGeneration|SplitColumnByExample|Start InitializeInternal|{"BlockId":"1e622cab-819c-4401-936c-86df29bcbc3d"}|14f7cd62-4f57-11e9-afda-00155da93882
2019-03-25 23:43:55.8097|DEBUG|ProseProgramGeneration|SplitColumnByExample|End InitializeInternal|{"BlockId":"1e622cab-819c-4401-936c-86df29bcbc3d"}|14f7cd62-4f57-11e9-afda-00155da93882
2019-03-25 23:43:56.0139|DEBUG|ProseProgramGeneration|SplitColumnByExample|Start InitializeInternal|{"BlockId":"4f1fb33d-31f8-496e-bec8-490fac5e6cc3"}|14f7cd62-4f57-11e9-afda-00155da93882
2019-03-25 23:43:56.0139|DEBUG|ProseProgramGeneration|SplitColumnByExample|Start LearnProgram|{"BlockId":"4f1fb33d-31f8-496e-bec8-490fac5e6cc3"}|14f7cd62-4f57-11e9-afda-00155da93882
2019-03-25 23:43:56.0139|DEBUG|ProseProgramGeneration|SplitColumnByExample|Start InitSession|{"BlockId":"4f1fb33d-31f8-496e-bec8-490fac5e6cc3"}|14f7cd62-4f57-11e9-afda-00155da93882
2019-03-25 23:43:58.1747|DEBUG|ProseProgramGeneration|SplitColumnByExample|End InitSession|{"BlockId":"4f1fb33d-31f8-496e-bec8-490fac5e6cc3"}|14f7cd62-4f57-11e9-afda-00155da93882
2019-03-25 23:43:58.3529|DEBUG|ProseProgramGeneration|SplitColumnByExample|End LearnProgram|{"BlockId":"4f1fb33d-31f8-496e-bec8-490fac5e6cc3"}|14f7cd62-4f57-11e9-afda-00155da93882
2019-03-25 23:43:58.3529|DEBUG|ProseProgramGeneration|SplitColumnByExample|End InitializeInternal|{"BlockId":"4f1fb33d-31f8-496e-bec8-490fac5e6cc3"}|14f7cd62-4f57-11e9-afda-00155da93882
2019-03-25 23:43:58.3821|DEBUG|ProseProgramGeneration|SplitColumnByExample|Start InitializeInternal|{"BlockId":"b2728c0b-b1a1-43a2-8750-dbad0f08c2a6"}|14f7cd62-4f57-11e9-afda-00155da93882
2019-03-25 23:43:58.3821|DEBUG|ProseProgramGeneration|SplitColumnByExample|End InitializeInternal|{"BlockId":"b2728c0b-b1a1-43a2-8750-dbad0f08c2a6"}|14f7cd62-4f57-11e9-afda-00155da93882
2019-03-25 23:43:58.3821|DEBUG|ProseProgramGeneration|SplitColumnByExample|Start InitializeInternal|{"BlockId":"1e622cab-819c-4401-936c-86df29bcbc3d"}|14f7cd62-4f57-11e9-afda-00155da93882
2019-03-25 23:43:58.3821|DEBUG|ProseProgramGeneration|SplitColumnByExample|End InitializeInternal|{"BlockId":"1e622cab-819c-4401-936c-86df29bcbc3d"}|14f7cd62-4f57-11e9-afda-00155da93882
2019-03-25 23:43:58.5348|DEBUG|ProseProgramGeneration|SplitColumnByExample|Start InitializeInternal|{"BlockId":"b27d7232-2730-46ed-a6f9-c5aac6ce0c4f"}|14f7cd62-4f57-11e9-afda-00155da93882
2019-03-25 23:43:58.5348|DEBUG|ProseProgramGeneration|SplitColumnByExample|End InitializeInternal|{"BlockId":"b27d7232-2730-46ed-a6f9-c5aac6ce0c4f"}|14f7cd62-4f57-11e9-afda-00155da93882
2019-03-25 23:43:58.5348|DEBUG|ProseProgramGeneration|SplitColumnByExample|Start InitializeInternal|{"BlockId":"9aea50f7-361e-415f-8184-9a0d6666d7cf"}|14f7cd62-4f57-11e9-afda-00155da93882
2019-03-25 23:43:58.5348|DEBUG|ProseProgramGeneration|SplitColumnByExample|Start LearnProgram|{"BlockId":"9aea50f7-361e-415f-8184-9a0d6666d7cf"}|14f7cd62-4f57-11e9-afda-00155da93882
2019-03-25 23:43:58.5348|DEBUG|ProseProgramGeneration|SplitColumnByExample|Start InitSession|{"BlockId":"9aea50f7-361e-415f-8184-9a0d6666d7cf"}|14f7cd62-4f57-11e9-afda-00155da93882
2019-03-25 23:44:01.7164|DEBUG|ProseProgramGeneration|SplitColumnByExample|End InitSession|{"BlockId":"9aea50f7-361e-415f-8184-9a0d6666d7cf"}|14f7cd62-4f57-11e9-afda-00155da93882
2019-03-25 23:44:01.8348|DEBUG|ProseProgramGeneration|SplitColumnByExample|End LearnProgram|{"BlockId":"9aea50f7-361e-415f-8184-9a0d6666d7cf"}|14f7cd62-4f57-11e9-afda-00155da93882
2019-03-25 23:44:01.8348|DEBUG|ProseProgramGeneration|SplitColumnByExample|End InitializeInternal|{"BlockId":"9aea50f7-361e-415f-8184-9a0d6666d7cf"}|14f7cd62-4f57-11e9-afda-00155da93882
2019-03-25 23:44:01.8637|DEBUG|ProseProgramGeneration|SplitColumnByExample|Start InitializeInternal|{"BlockId":"b2728c0b-b1a1-43a2-8750-dbad0f08c2a6"}|14f7cd62-4f57-11e9-afda-00155da93882
2019-03-25 23:44:01.8637|DEBUG|ProseProgramGeneration|SplitColumnByExample|End InitializeInternal|{"BlockId":"b2728c0b-b1a1-43a2-8750-dbad0f08c2a6"}|14f7cd62-4f57-11e9-afda-00155da93882
2019-03-25 23:44:01.8637|DEBUG|ProseProgramGeneration|SplitColumnByExample|Start InitializeInternal|{"BlockId":"1e622cab-819c-4401-936c-86df29bcbc3d"}|14f7cd62-4f57-11e9-afda-00155da93882
2019-03-25 23:44:01.8637|DEBUG|ProseProgramGeneration|SplitColumnByExample|End InitializeInternal|{"BlockId":"1e622cab-819c-4401-936c-86df29bcbc3d"}|14f7cd62-4f57-11e9-afda-00155da93882
2019-03-25 23:44:02.0429|DEBUG|ProseProgramGeneration|SplitColumnByExample|Start InitializeInternal|{"BlockId":"b27d7232-2730-46ed-a6f9-c5aac6ce0c4f"}|14f7cd62-4f57-11e9-afda-00155da93882
2019-03-25 23:44:02.0429|DEBUG|ProseProgramGeneration|SplitColumnByExample|End InitializeInternal|{"BlockId":"b27d7232-2730-46ed-a6f9-c5aac6ce0c4f"}|14f7cd62-4f57-11e9-afda-00155da93882
2019-03-25 23:44:02.0429|DEBUG|ProseProgramGeneration|SplitColumnByExample|Start InitializeInternal|{"BlockId":"9e2a0b16-575e-4376-a64a-36a1f9cfe2c5"}|14f7cd62-4f57-11e9-afda-00155da93882
2019-03-25 23:44:02.0429|DEBUG|ProseProgramGeneration|SplitColumnByExample|End InitializeInternal|{"BlockId":"9e2a0b16-575e-4376-a64a-36a1f9cfe2c5"}|14f7cd62-4f57-11e9-afda-00155da93882
2019-03-25 23:44:02.0429|DEBUG|ProseProgramGeneration|SplitColumnByExample|Start InitializeInternal|{"BlockId":"f5bbbe0d-9bad-4a91-ac92-4a8f5baf6ce7"}|14f7cd62-4f57-11e9-afda-00155da93882
2019-03-25 23:44:02.0429|DEBUG|ProseProgramGeneration|SplitColumnByExample|Start LearnProgram|{"BlockId":"f5bbbe0d-9bad-4a91-ac92-4a8f5baf6ce7"}|14f7cd62-4f57-11e9-afda-00155da93882
2019-03-25 23:44:02.0429|DEBUG|ProseProgramGeneration|SplitColumnByExample|Start InitSession|{"BlockId":"f5bbbe0d-9bad-4a91-ac92-4a8f5baf6ce7"}|14f7cd62-4f57-11e9-afda-00155da93882
2019-03-25 23:44:04.7224|DEBUG|ProseProgramGeneration|SplitColumnByExample|End InitSession|{"BlockId":"f5bbbe0d-9bad-4a91-ac92-4a8f5baf6ce7"}|14f7cd62-4f57-11e9-afda-00155da93882
2019-03-25 23:44:04.9320|DEBUG|ProseProgramGeneration|SplitColumnByExample|End LearnProgram|{"BlockId":"f5bbbe0d-9bad-4a91-ac92-4a8f5baf6ce7"}|14f7cd62-4f57-11e9-afda-00155da93882
2019-03-25 23:44:04.9324|DEBUG|ProseProgramGeneration|SplitColumnByExample|End InitializeInternal|{"BlockId":"f5bbbe0d-9bad-4a91-ac92-4a8f5baf6ce7"}|14f7cd62-4f57-11e9-afda-00155da93882
2019-03-25 23:44:04.9522|DEBUG|ProseProgramGeneration|SplitColumnByExample|Start InitializeInternal|{"BlockId":"b2728c0b-b1a1-43a2-8750-dbad0f08c2a6"}|14f7cd62-4f57-11e9-afda-00155da93882
2019-03-25 23:44:04.9522|DEBUG|ProseProgramGeneration|SplitColumnByExample|End InitializeInternal|{"BlockId":"b2728c0b-b1a1-43a2-8750-dbad0f08c2a6"}|14f7cd62-4f57-11e9-afda-00155da93882
2019-03-25 23:44:04.9522|DEBUG|ProseProgramGeneration|SplitColumnByExample|Start InitializeInternal|{"BlockId":"1e622cab-819c-4401-936c-86df29bcbc3d"}|14f7cd62-4f57-11e9-afda-00155da93882
2019-03-25 23:44:04.9522|DEBUG|ProseProgramGeneration|SplitColumnByExample|End InitializeInternal|{"BlockId":"1e622cab-819c-4401-936c-86df29bcbc3d"}|14f7cd62-4f57-11e9-afda-00155da93882
2019-03-25 23:44:05.1128|DEBUG|ProseProgramGeneration|SplitColumnByExample|Start InitializeInternal|{"BlockId":"b27d7232-2730-46ed-a6f9-c5aac6ce0c4f"}|14f7cd62-4f57-11e9-afda-00155da93882
2019-03-25 23:44:05.1128|DEBUG|ProseProgramGeneration|SplitColumnByExample|End InitializeInternal|{"BlockId":"b27d7232-2730-46ed-a6f9-c5aac6ce0c4f"}|14f7cd62-4f57-11e9-afda-00155da93882
2019-03-25 23:44:05.1128|DEBUG|ProseProgramGeneration|SplitColumnByExample|Start InitializeInternal|{"BlockId":"9e2a0b16-575e-4376-a64a-36a1f9cfe2c5"}|14f7cd62-4f57-11e9-afda-00155da93882
2019-03-25 23:44:05.1128|DEBUG|ProseProgramGeneration|SplitColumnByExample|End InitializeInternal|{"BlockId":"9e2a0b16-575e-4376-a64a-36a1f9cfe2c5"}|14f7cd62-4f57-11e9-afda-00155da93882
2019-03-25 23:44:05.1128|DEBUG|ProseProgramGeneration|SplitColumnByExample|Start InitializeInternal|{"BlockId":"985485ec-ca17-4a6e-9a61-0823a2856338"}|14f7cd62-4f57-11e9-afda-00155da93882
2019-03-25 23:44:05.1128|DEBUG|ProseProgramGeneration|SplitColumnByExample|End InitializeInternal|{"BlockId":"985485ec-ca17-4a6e-9a61-0823a2856338"}|14f7cd62-4f57-11e9-afda-00155da93882
2019-03-25 23:44:05.1128|DEBUG|ProseProgramGeneration|SplitColumnByExample|Start InitializeInternal|{"BlockId":"d472e438-3ddc-425f-9fe2-3eaa60bb6177"}|14f7cd62-4f57-11e9-afda-00155da93882
2019-03-25 23:44:05.1128|DEBUG|ProseProgramGeneration|SplitColumnByExample|Start LearnProgram|{"BlockId":"d472e438-3ddc-425f-9fe2-3eaa60bb6177"}|14f7cd62-4f57-11e9-afda-00155da93882
2019-03-25 23:44:05.1128|DEBUG|ProseProgramGeneration|SplitColumnByExample|Start InitSession|{"BlockId":"d472e438-3ddc-425f-9fe2-3eaa60bb6177"}|14f7cd62-4f57-11e9-afda-00155da93882
2019-03-25 23:44:07.9847|DEBUG|ProseProgramGeneration|SplitColumnByExample|End InitSession|{"BlockId":"d472e438-3ddc-425f-9fe2-3eaa60bb6177"}|14f7cd62-4f57-11e9-afda-00155da93882
2019-03-25 23:44:08.0896|DEBUG|ProseProgramGeneration|SplitColumnByExample|End LearnProgram|{"BlockId":"d472e438-3ddc-425f-9fe2-3eaa60bb6177"}|14f7cd62-4f57-11e9-afda-00155da93882
2019-03-25 23:44:08.0896|DEBUG|ProseProgramGeneration|SplitColumnByExample|End InitializeInternal|{"BlockId":"d472e438-3ddc-425f-9fe2-3eaa60bb6177"}|14f7cd62-4f57-11e9-afda-00155da93882
2019-03-25 23:44:08.1122|DEBUG|ProseProgramGeneration|SplitColumnByExample|Start InitializeInternal|{"BlockId":"b2728c0b-b1a1-43a2-8750-dbad0f08c2a6"}|14f7cd62-4f57-11e9-afda-00155da93882
2019-03-25 23:44:08.1122|DEBUG|ProseProgramGeneration|SplitColumnByExample|End InitializeInternal|{"BlockId":"b2728c0b-b1a1-43a2-8750-dbad0f08c2a6"}|14f7cd62-4f57-11e9-afda-00155da93882
2019-03-25 23:44:08.1122|DEBUG|ProseProgramGeneration|SplitColumnByExample|Start InitializeInternal|{"BlockId":"1e622cab-819c-4401-936c-86df29bcbc3d"}|14f7cd62-4f57-11e9-afda-00155da93882
2019-03-25 23:44:08.1122|DEBUG|ProseProgramGeneration|SplitColumnByExample|End InitializeInternal|{"BlockId":"1e622cab-819c-4401-936c-86df29bcbc3d"}|14f7cd62-4f57-11e9-afda-00155da93882
2019-03-25 23:44:08.2715|DEBUG|ProseProgramGeneration|SplitColumnByExample|Start InitializeInternal|{"BlockId":"b27d7232-2730-46ed-a6f9-c5aac6ce0c4f"}|14f7cd62-4f57-11e9-afda-00155da93882
2019-03-25 23:44:08.2723|DEBUG|ProseProgramGeneration|SplitColumnByExample|End InitializeInternal|{"BlockId":"b27d7232-2730-46ed-a6f9-c5aac6ce0c4f"}|14f7cd62-4f57-11e9-afda-00155da93882
2019-03-25 23:44:08.2723|DEBUG|ProseProgramGeneration|SplitColumnByExample|Start InitializeInternal|{"BlockId":"9e2a0b16-575e-4376-a64a-36a1f9cfe2c5"}|14f7cd62-4f57-11e9-afda-00155da93882
2019-03-25 23:44:08.2723|DEBUG|ProseProgramGeneration|SplitColumnByExample|End InitializeInternal|{"BlockId":"9e2a0b16-575e-4376-a64a-36a1f9cfe2c5"}|14f7cd62-4f57-11e9-afda-00155da93882
2019-03-25 23:44:08.2723|DEBUG|ProseProgramGeneration|SplitColumnByExample|Start InitializeInternal|{"BlockId":"985485ec-ca17-4a6e-9a61-0823a2856338"}|14f7cd62-4f57-11e9-afda-00155da93882
2019-03-25 23:44:08.2723|DEBUG|ProseProgramGeneration|SplitColumnByExample|End InitializeInternal|{"BlockId":"985485ec-ca17-4a6e-9a61-0823a2856338"}|14f7cd62-4f57-11e9-afda-00155da93882
2019-03-25 23:44:08.2723|DEBUG|ProseProgramGeneration|SplitColumnByExample|Start InitializeInternal|{"BlockId":"309d8dae-1782-40c1-8e0c-df0aaad369ce"}|14f7cd62-4f57-11e9-afda-00155da93882
2019-03-25 23:44:08.2723|DEBUG|ProseProgramGeneration|SplitColumnByExample|End InitializeInternal|{"BlockId":"309d8dae-1782-40c1-8e0c-df0aaad369ce"}|14f7cd62-4f57-11e9-afda-00155da93882
2019-03-25 23:44:08.5423|DEBUG|ProseProgramGeneration|SplitColumnByExample|Start InitializeInternal|{"BlockId":"b2728c0b-b1a1-43a2-8750-dbad0f08c2a6"}|14f7cd62-4f57-11e9-afda-00155da93882
2019-03-25 23:44:08.5423|DEBUG|ProseProgramGeneration|SplitColumnByExample|End InitializeInternal|{"BlockId":"b2728c0b-b1a1-43a2-8750-dbad0f08c2a6"}|14f7cd62-4f57-11e9-afda-00155da93882
2019-03-25 23:44:08.5423|DEBUG|ProseProgramGeneration|SplitColumnByExample|Start InitializeInternal|{"BlockId":"1e622cab-819c-4401-936c-86df29bcbc3d"}|14f7cd62-4f57-11e9-afda-00155da93882
2019-03-25 23:44:08.5423|DEBUG|ProseProgramGeneration|SplitColumnByExample|End InitializeInternal|{"BlockId":"1e622cab-819c-4401-936c-86df29bcbc3d"}|14f7cd62-4f57-11e9-afda-00155da93882
2019-03-25 23:44:08.7167|DEBUG|ProseProgramGeneration|SplitColumnByExample|Start InitializeInternal|{"BlockId":"b27d7232-2730-46ed-a6f9-c5aac6ce0c4f"}|14f7cd62-4f57-11e9-afda-00155da93882
2019-03-25 23:44:08.7167|DEBUG|ProseProgramGeneration|SplitColumnByExample|End InitializeInternal|{"BlockId":"b27d7232-2730-46ed-a6f9-c5aac6ce0c4f"}|14f7cd62-4f57-11e9-afda-00155da93882
2019-03-25 23:44:08.7167|DEBUG|ProseProgramGeneration|SplitColumnByExample|Start InitializeInternal|{"BlockId":"9e2a0b16-575e-4376-a64a-36a1f9cfe2c5"}|14f7cd62-4f57-11e9-afda-00155da93882
2019-03-25 23:44:08.7167|DEBUG|ProseProgramGeneration|SplitColumnByExample|End InitializeInternal|{"BlockId":"9e2a0b16-575e-4376-a64a-36a1f9cfe2c5"}|14f7cd62-4f57-11e9-afda-00155da93882
2019-03-25 23:44:08.7167|DEBUG|ProseProgramGeneration|SplitColumnByExample|Start InitializeInternal|{"BlockId":"985485ec-ca17-4a6e-9a61-0823a2856338"}|14f7cd62-4f57-11e9-afda-00155da93882
2019-03-25 23:44:08.7167|DEBUG|ProseProgramGeneration|SplitColumnByExample|End InitializeInternal|{"BlockId":"985485ec-ca17-4a6e-9a61-0823a2856338"}|14f7cd62-4f57-11e9-afda-00155da93882
2019-03-25 23:44:08.7167|DEBUG|ProseProgramGeneration|SplitColumnByExample|Start InitializeInternal|{"BlockId":"309d8dae-1782-40c1-8e0c-df0aaad369ce"}|14f7cd62-4f57-11e9-afda-00155da93882
2019-03-25 23:44:08.7167|DEBUG|ProseProgramGeneration|SplitColumnByExample|End InitializeInternal|{"BlockId":"309d8dae-1782-40c1-8e0c-df0aaad369ce"}|14f7cd62-4f57-11e9-afda-00155da93882
2019-03-25 23:45:03.6022|DEBUG|ProseProgramGeneration|SplitColumnByExample|Start InitializeInternal|{"BlockId":"b2728c0b-b1a1-43a2-8750-dbad0f08c2a6"}|14f7cd62-4f57-11e9-afda-00155da93882
2019-03-25 23:45:03.6022|DEBUG|ProseProgramGeneration|SplitColumnByExample|End InitializeInternal|{"BlockId":"b2728c0b-b1a1-43a2-8750-dbad0f08c2a6"}|14f7cd62-4f57-11e9-afda-00155da93882
2019-03-25 23:45:03.6022|DEBUG|ProseProgramGeneration|SplitColumnByExample|Start InitializeInternal|{"BlockId":"1e622cab-819c-4401-936c-86df29bcbc3d"}|14f7cd62-4f57-11e9-afda-00155da93882
2019-03-25 23:45:03.6022|DEBUG|ProseProgramGeneration|SplitColumnByExample|End InitializeInternal|{"BlockId":"1e622cab-819c-4401-936c-86df29bcbc3d"}|14f7cd62-4f57-11e9-afda-00155da93882
2019-03-25 23:45:03.7955|DEBUG|ProseProgramGeneration|SplitColumnByExample|Start InitializeInternal|{"BlockId":"b27d7232-2730-46ed-a6f9-c5aac6ce0c4f"}|14f7cd62-4f57-11e9-afda-00155da93882
2019-03-25 23:45:03.7955|DEBUG|ProseProgramGeneration|SplitColumnByExample|End InitializeInternal|{"BlockId":"b27d7232-2730-46ed-a6f9-c5aac6ce0c4f"}|14f7cd62-4f57-11e9-afda-00155da93882
2019-03-25 23:45:03.7955|DEBUG|ProseProgramGeneration|SplitColumnByExample|Start InitializeInternal|{"BlockId":"9e2a0b16-575e-4376-a64a-36a1f9cfe2c5"}|14f7cd62-4f57-11e9-afda-00155da93882
2019-03-25 23:45:03.7955|DEBUG|ProseProgramGeneration|SplitColumnByExample|End InitializeInternal|{"BlockId":"9e2a0b16-575e-4376-a64a-36a1f9cfe2c5"}|14f7cd62-4f57-11e9-afda-00155da93882
2019-03-25 23:45:03.7955|DEBUG|ProseProgramGeneration|SplitColumnByExample|Start InitializeInternal|{"BlockId":"985485ec-ca17-4a6e-9a61-0823a2856338"}|14f7cd62-4f57-11e9-afda-00155da93882
2019-03-25 23:45:03.7955|DEBUG|ProseProgramGeneration|SplitColumnByExample|End InitializeInternal|{"BlockId":"985485ec-ca17-4a6e-9a61-0823a2856338"}|14f7cd62-4f57-11e9-afda-00155da93882
2019-03-25 23:45:03.7955|DEBUG|ProseProgramGeneration|SplitColumnByExample|Start InitializeInternal|{"BlockId":"309d8dae-1782-40c1-8e0c-df0aaad369ce"}|14f7cd62-4f57-11e9-afda-00155da93882
2019-03-25 23:45:03.7955|DEBUG|ProseProgramGeneration|SplitColumnByExample|End InitializeInternal|{"BlockId":"309d8dae-1782-40c1-8e0c-df0aaad369ce"}|14f7cd62-4f57-11e9-afda-00155da93882
2019-03-25 23:45:21.6435|DEBUG|ProseProgramGeneration|SplitColumnByExample|Start InitializeInternal|{"BlockId":"b2728c0b-b1a1-43a2-8750-dbad0f08c2a6"}|14f7cd62-4f57-11e9-afda-00155da93882
2019-03-25 23:45:21.6435|DEBUG|ProseProgramGeneration|SplitColumnByExample|End InitializeInternal|{"BlockId":"b2728c0b-b1a1-43a2-8750-dbad0f08c2a6"}|14f7cd62-4f57-11e9-afda-00155da93882
2019-03-25 23:45:21.6435|DEBUG|ProseProgramGeneration|SplitColumnByExample|Start InitializeInternal|{"BlockId":"1e622cab-819c-4401-936c-86df29bcbc3d"}|14f7cd62-4f57-11e9-afda-00155da93882
2019-03-25 23:45:21.6435|DEBUG|ProseProgramGeneration|SplitColumnByExample|End InitializeInternal|{"BlockId":"1e622cab-819c-4401-936c-86df29bcbc3d"}|14f7cd62-4f57-11e9-afda-00155da93882
2019-03-25 23:45:21.8454|DEBUG|ProseProgramGeneration|SplitColumnByExample|Start InitializeInternal|{"BlockId":"b27d7232-2730-46ed-a6f9-c5aac6ce0c4f"}|14f7cd62-4f57-11e9-afda-00155da93882
2019-03-25 23:45:21.8454|DEBUG|ProseProgramGeneration|SplitColumnByExample|End InitializeInternal|{"BlockId":"b27d7232-2730-46ed-a6f9-c5aac6ce0c4f"}|14f7cd62-4f57-11e9-afda-00155da93882
2019-03-25 23:45:21.8454|DEBUG|ProseProgramGeneration|SplitColumnByExample|Start InitializeInternal|{"BlockId":"9e2a0b16-575e-4376-a64a-36a1f9cfe2c5"}|14f7cd62-4f57-11e9-afda-00155da93882
2019-03-25 23:45:21.8454|DEBUG|ProseProgramGeneration|SplitColumnByExample|End InitializeInternal|{"BlockId":"9e2a0b16-575e-4376-a64a-36a1f9cfe2c5"}|14f7cd62-4f57-11e9-afda-00155da93882
2019-03-25 23:45:21.8454|DEBUG|ProseProgramGeneration|SplitColumnByExample|Start InitializeInternal|{"BlockId":"985485ec-ca17-4a6e-9a61-0823a2856338"}|14f7cd62-4f57-11e9-afda-00155da93882
2019-03-25 23:45:21.8454|DEBUG|ProseProgramGeneration|SplitColumnByExample|End InitializeInternal|{"BlockId":"985485ec-ca17-4a6e-9a61-0823a2856338"}|14f7cd62-4f57-11e9-afda-00155da93882
2019-03-25 23:45:21.8454|DEBUG|ProseProgramGeneration|SplitColumnByExample|Start InitializeInternal|{"BlockId":"309d8dae-1782-40c1-8e0c-df0aaad369ce"}|14f7cd62-4f57-11e9-afda-00155da93882
2019-03-25 23:45:21.8454|DEBUG|ProseProgramGeneration|SplitColumnByExample|End InitializeInternal|{"BlockId":"309d8dae-1782-40c1-8e0c-df0aaad369ce"}|14f7cd62-4f57-11e9-afda-00155da93882
2019-03-25 23:45:22.4824|DEBUG|ProseProgramGeneration|SplitColumnByExample|Start InitializeInternal|{"BlockId":"b2728c0b-b1a1-43a2-8750-dbad0f08c2a6"}|14f7cd62-4f57-11e9-afda-00155da93882
2019-03-25 23:45:22.4824|DEBUG|ProseProgramGeneration|SplitColumnByExample|End InitializeInternal|{"BlockId":"b2728c0b-b1a1-43a2-8750-dbad0f08c2a6"}|14f7cd62-4f57-11e9-afda-00155da93882
2019-03-25 23:45:22.4824|DEBUG|ProseProgramGeneration|SplitColumnByExample|Start InitializeInternal|{"BlockId":"1e622cab-819c-4401-936c-86df29bcbc3d"}|14f7cd62-4f57-11e9-afda-00155da93882
2019-03-25 23:45:22.4824|DEBUG|ProseProgramGeneration|SplitColumnByExample|End InitializeInternal|{"BlockId":"1e622cab-819c-4401-936c-86df29bcbc3d"}|14f7cd62-4f57-11e9-afda-00155da93882
2019-03-25 23:45:22.6802|DEBUG|ProseProgramGeneration|SplitColumnByExample|Start InitializeInternal|{"BlockId":"b27d7232-2730-46ed-a6f9-c5aac6ce0c4f"}|14f7cd62-4f57-11e9-afda-00155da93882
2019-03-25 23:45:22.6802|DEBUG|ProseProgramGeneration|SplitColumnByExample|End InitializeInternal|{"BlockId":"b27d7232-2730-46ed-a6f9-c5aac6ce0c4f"}|14f7cd62-4f57-11e9-afda-00155da93882
2019-03-25 23:45:22.6802|DEBUG|ProseProgramGeneration|SplitColumnByExample|Start InitializeInternal|{"BlockId":"9e2a0b16-575e-4376-a64a-36a1f9cfe2c5"}|14f7cd62-4f57-11e9-afda-00155da93882
2019-03-25 23:45:22.6802|DEBUG|ProseProgramGeneration|SplitColumnByExample|End InitializeInternal|{"BlockId":"9e2a0b16-575e-4376-a64a-36a1f9cfe2c5"}|14f7cd62-4f57-11e9-afda-00155da93882
2019-03-25 23:45:22.6802|DEBUG|ProseProgramGeneration|SplitColumnByExample|Start InitializeInternal|{"BlockId":"985485ec-ca17-4a6e-9a61-0823a2856338"}|14f7cd62-4f57-11e9-afda-00155da93882
2019-03-25 23:45:22.6802|DEBUG|ProseProgramGeneration|SplitColumnByExample|End InitializeInternal|{"BlockId":"985485ec-ca17-4a6e-9a61-0823a2856338"}|14f7cd62-4f57-11e9-afda-00155da93882
2019-03-25 23:45:22.6802|DEBUG|ProseProgramGeneration|SplitColumnByExample|Start InitializeInternal|{"BlockId":"309d8dae-1782-40c1-8e0c-df0aaad369ce"}|14f7cd62-4f57-11e9-afda-00155da93882
2019-03-25 23:45:22.6802|DEBUG|ProseProgramGeneration|SplitColumnByExample|End InitializeInternal|{"BlockId":"309d8dae-1782-40c1-8e0c-df0aaad369ce"}|14f7cd62-4f57-11e9-afda-00155da93882
2019-03-25 23:46:08.8024|DEBUG|ProseProgramGeneration|SplitColumnByExample|Start InitializeInternal|{"BlockId":"b2728c0b-b1a1-43a2-8750-dbad0f08c2a6"}|14f7cd62-4f57-11e9-afda-00155da93882
2019-03-25 23:46:08.8024|DEBUG|ProseProgramGeneration|SplitColumnByExample|End InitializeInternal|{"BlockId":"b2728c0b-b1a1-43a2-8750-dbad0f08c2a6"}|14f7cd62-4f57-11e9-afda-00155da93882
2019-03-25 23:46:08.8024|DEBUG|ProseProgramGeneration|SplitColumnByExample|Start InitializeInternal|{"BlockId":"1e622cab-819c-4401-936c-86df29bcbc3d"}|14f7cd62-4f57-11e9-afda-00155da93882
2019-03-25 23:46:08.8024|DEBUG|ProseProgramGeneration|SplitColumnByExample|End InitializeInternal|{"BlockId":"1e622cab-819c-4401-936c-86df29bcbc3d"}|14f7cd62-4f57-11e9-afda-00155da93882
2019-03-25 23:46:08.9505|DEBUG|ProseProgramGeneration|SplitColumnByExample|Start InitializeInternal|{"BlockId":"b27d7232-2730-46ed-a6f9-c5aac6ce0c4f"}|14f7cd62-4f57-11e9-afda-00155da93882
2019-03-25 23:46:08.9505|DEBUG|ProseProgramGeneration|SplitColumnByExample|End InitializeInternal|{"BlockId":"b27d7232-2730-46ed-a6f9-c5aac6ce0c4f"}|14f7cd62-4f57-11e9-afda-00155da93882
2019-03-25 23:46:08.9505|DEBUG|ProseProgramGeneration|SplitColumnByExample|Start InitializeInternal|{"BlockId":"9e2a0b16-575e-4376-a64a-36a1f9cfe2c5"}|14f7cd62-4f57-11e9-afda-00155da93882
2019-03-25 23:46:08.9505|DEBUG|ProseProgramGeneration|SplitColumnByExample|End InitializeInternal|{"BlockId":"9e2a0b16-575e-4376-a64a-36a1f9cfe2c5"}|14f7cd62-4f57-11e9-afda-00155da93882
2019-03-25 23:46:08.9505|DEBUG|ProseProgramGeneration|SplitColumnByExample|Start InitializeInternal|{"BlockId":"985485ec-ca17-4a6e-9a61-0823a2856338"}|14f7cd62-4f57-11e9-afda-00155da93882
2019-03-25 23:46:08.9505|DEBUG|ProseProgramGeneration|SplitColumnByExample|End InitializeInternal|{"BlockId":"985485ec-ca17-4a6e-9a61-0823a2856338"}|14f7cd62-4f57-11e9-afda-00155da93882
2019-03-25 23:46:08.9505|DEBUG|ProseProgramGeneration|SplitColumnByExample|Start InitializeInternal|{"BlockId":"309d8dae-1782-40c1-8e0c-df0aaad369ce"}|14f7cd62-4f57-11e9-afda-00155da93882
2019-03-25 23:46:08.9521|DEBUG|ProseProgramGeneration|SplitColumnByExample|End InitializeInternal|{"BlockId":"309d8dae-1782-40c1-8e0c-df0aaad369ce"}|14f7cd62-4f57-11e9-afda-00155da93882
